2018-02-08 182615 admin 添加了用户信息 用户名【admin】 钱是【10000】 
2018-02-08 182621 admin 登录成功！ 
2018-02-08 182749 admin 登录成功！ 
2018-02-08 182817 admin 登录成功！ 
2018-02-08 182906 admin 登录成功！ 
2018-02-08 182936 admin 登录成功！ 
2018-02-08 183001 admin 登录成功！ 
2018-02-08 183039 admin 登录成功！ 
2018-02-08 183125 admin 登录成功！ 
2018-02-08 183134 admin 添加了商品信息 商品名【mack】 商品价格【1】 商品id【1】 
2018-02-08 183141 admin 登录成功！ 
2018-02-08 183147 admin 商品名称是:【mack】,商品id是【1】，商品价格是【1】 
2018-02-08 183254 admin 登录成功！ 
2018-02-08 183305 a 添加了用户信息 用户名【a】 钱是【1】 
2018-02-08 183313 admin 登录成功！ 
2018-02-08 183326 a 修改了a用户 
2018-02-08 183402 a 登录成功！ 
2018-02-08 183437 a 商品名称是:【mack】,商品id是【1】，商品价格是【1】 
2018-02-26 132737 admin 登录成功！ 
2018-03-02 150604 admin 登录成功！ 
2018-03-02 150615 admin 添加了电影信息 电影名【1】  
2018-03-02 150953 admin 登录成功！ 
2018-03-02 151001 admin 添加了电影信息 电影名【1】  
2018-03-02 151208 admin 登录成功！ 
2018-03-02 152404 admin 登录成功！ 
2018-03-02 152430 admin 登录成功！ 
2018-03-02 152438 admin 添加了电影信息 电影名【2】  
2018-03-02 152438 admin 添加了电影信息 电影名【2】  
2018-03-02 152438 admin 添加了电影信息 电影名【2】  
2018-03-02 152523 admin 登录成功！ 
2018-03-02 152531 admin 添加了电影信息 电影名【3】  
2018-03-02 152554 admin 登录成功！ 
2018-03-02 152628 admin 登录成功！ 
2018-03-02 152632 admin 电影名称是:【3】 
2018-03-02 152753 admin 密码不正确！ 
2018-03-02 152801 admin 登录成功！ 
2018-03-02 152804 admin 电影名称是:【3】 
2018-03-02 153103 admin 登录成功！ 
2018-03-02 153108 admin 电影名称是:【3】 
2018-03-02 153200 admin 登录成功！ 
2018-03-02 153203 admin 电影名称是:【3】 
2018-03-02 153211 admin 登录成功！ 
2018-03-02 153655 admin 登录成功！ 
2018-03-02 153657 admin 电影名称是:【3】 
2018-03-02 153728 admin 登录成功！ 
2018-03-02 153730 admin 电影名称是:【3】 
2018-03-02 153820 admin 登录成功！ 
2018-03-02 153821 admin 电影名称是:【3】 
2018-03-02 153840 admin 登录成功！ 
2018-03-02 153841 admin 电影名称是:【3】 
2018-03-02 153911 admin 登录成功！ 
2018-03-02 154021 admin 登录成功！ 
2018-03-02 154030 admin 登录成功！ 
2018-03-02 154032 admin 电影名称是:【3】 
2018-03-02 154059 admin 登录成功！ 
2018-03-02 154105 admin 电影名称是:【3】 
2018-03-02 154150 admin 登录成功！ 
2018-03-02 154219 admin 登录成功！ 
2018-03-02 154254 admin 登录成功！ 
2018-03-02 171946 admin 登录成功！ 
2018-03-02 172151 admin 登录成功！ 
2018-03-02 172155 admin 删除了【1】 
2018-03-02 172155 admin 删除了【1】 
2018-03-02 172345 admin 登录成功！ 
2018-03-02 172351 admin 删除了【1】 
2018-03-02 172417 admin 登录成功！ 
2018-03-02 172421 admin 删除了【2】 
2018-03-02 172547 admin 登录成功！ 
2018-03-02 172550 admin 删除了【2】 
2018-03-02 172612 admin 登录成功！ 
2018-03-02 172615 admin 删除了【2】 
2018-03-02 172710 admin 登录成功！ 
2018-03-02 172736 admin 登录成功！ 
2018-03-02 172749 admin 添加了电影信息 电影名【a】  
2018-03-02 172807 admin 登录成功！ 
2018-03-02 172813 admin 电影名称是:【a】 
2018-03-02 172832 admin 登录成功！ 
2018-03-02 172906 admin 登录成功！ 
2018-03-02 172912 admin 删除了【a】 
2018-03-02 173200 admin 登录成功！ 
2018-03-02 173212 admin 添加了电影信息 电影名【b】  
2018-03-02 173219 admin 登录成功！ 
2018-03-02 173229 admin 删除了【b】 
2018-03-02 173243 admin 登录成功！ 
